Build started 2014/11/9 14:20:45.
     1>Project "C:\Users\sc\Documents\Visual Studio 2013\Projects\Spatiotemporal_Background_Extractor_texture\Spatiotemporal_Background_Extractor\Spatiotemporal_Background_Extractor.vcxproj" on node 2 (Build target(s)).
     1>ClCompile:
         C:\Program Files (x86)\Microsoft Visual Studio 12.0\VC\bin\CL.exe /c /IC:\opencv\build\include\opencv2 /IC:\opencv\build\include\opencv /IC:\opencv\build\include /ZI /nologo /W3 /WX- /Od /Oy- /D WIN32 /D _DEBUG /D _CONSOLE /D _UNICODE /D UNICODE /Gm /EHsc /RTC1 /MDd /GS /fp:precise /Zc:wchar_t /Zc:forScope /Fo"Debug\\" /Fd"Debug\vc120.pdb" /Gd /TP /analyze- /errorReport:prompt SBE.cpp
         SBE.cpp
     1>c:\users\sc\documents\visual studio 2013\projects\spatiotemporal_background_extractor_texture\spatiotemporal_background_extractor\sbe.cpp(87): warning C4800: 'unsigned int' : forcing value to bool 'true' or 'false' (performance warning)
     1>c:\users\sc\documents\visual studio 2013\projects\spatiotemporal_background_extractor_texture\spatiotemporal_background_extractor\sbe.cpp(194): warning C4244: '=' : conversion from 'double' to 'int', possible loss of data
     1>c:\users\sc\documents\visual studio 2013\projects\spatiotemporal_background_extractor_texture\spatiotemporal_background_extractor\sbe.cpp(197): warning C4244: '=' : conversion from 'double' to 'int', possible loss of data
     1>c:\users\sc\documents\visual studio 2013\projects\spatiotemporal_background_extractor_texture\spatiotemporal_background_extractor\sbe.cpp(200): warning C4244: '=' : conversion from 'double' to 'int', possible loss of data
     1>c:\users\sc\documents\visual studio 2013\projects\spatiotemporal_background_extractor_texture\spatiotemporal_background_extractor\sbe.cpp(203): warning C4244: '=' : conversion from 'double' to 'int', possible loss of data
     1>c:\users\sc\documents\visual studio 2013\projects\spatiotemporal_background_extractor_texture\spatiotemporal_background_extractor\sbe.cpp(206): warning C4244: '=' : conversion from 'double' to 'int', possible loss of data
     1>c:\users\sc\documents\visual studio 2013\projects\spatiotemporal_background_extractor_texture\spatiotemporal_background_extractor\sbe.cpp(209): warning C4244: '=' : conversion from 'double' to 'int', possible loss of data
     1>c:\users\sc\documents\visual studio 2013\projects\spatiotemporal_background_extractor_texture\spatiotemporal_background_extractor\sbe.cpp(212): warning C4244: '=' : conversion from 'double' to 'int', possible loss of data
     1>c:\users\sc\documents\visual studio 2013\projects\spatiotemporal_background_extractor_texture\spatiotemporal_background_extractor\sbe.cpp(215): warning C4244: '=' : conversion from 'double' to 'int', possible loss of data
     1>c:\users\sc\documents\visual studio 2013\projects\spatiotemporal_background_extractor_texture\spatiotemporal_background_extractor\sbe.cpp(266): warning C4018: '<' : signed/unsigned mismatch
     1>c:\users\sc\documents\visual studio 2013\projects\spatiotemporal_background_extractor_texture\spatiotemporal_background_extractor\sbe.cpp(450): warning C4244: '=' : conversion from 'float' to 'char', possible loss of data
     1>c:\users\sc\documents\visual studio 2013\projects\spatiotemporal_background_extractor_texture\spatiotemporal_background_extractor\sbe.cpp(497): warning C4244: 'return' : conversion from 'int' to 'float', possible loss of data
     1>c:\users\sc\documents\visual studio 2013\projects\spatiotemporal_background_extractor_texture\spatiotemporal_background_extractor\sbe.cpp(659): warning C4018: '<' : signed/unsigned mismatch
     1>c:\users\sc\documents\visual studio 2013\projects\spatiotemporal_background_extractor_texture\spatiotemporal_background_extractor\sbe.cpp(661): warning C4018: '<' : signed/unsigned mismatch
     1>c:\users\sc\documents\visual studio 2013\projects\spatiotemporal_background_extractor_texture\spatiotemporal_background_extractor\sbe.cpp(687): warning C4018: '<' : signed/unsigned mismatch
     1>c:\users\sc\documents\visual studio 2013\projects\spatiotemporal_background_extractor_texture\spatiotemporal_background_extractor\sbe.cpp(691): warning C4018: '<' : signed/unsigned mismatch
     1>c:\users\sc\documents\visual studio 2013\projects\spatiotemporal_background_extractor_texture\spatiotemporal_background_extractor\sbe.cpp(771): warning C4309: '=' : truncation of constant value
     1>c:\users\sc\documents\visual studio 2013\projects\spatiotemporal_background_extractor_texture\spatiotemporal_background_extractor\sbe.cpp(804): warning C4018: '<' : signed/unsigned mismatch
     1>c:\users\sc\documents\visual studio 2013\projects\spatiotemporal_background_extractor_texture\spatiotemporal_background_extractor\sbe.cpp(806): warning C4244: 'initializing' : conversion from 'double' to 'int', possible loss of data
     1>c:\users\sc\documents\visual studio 2013\projects\spatiotemporal_background_extractor_texture\spatiotemporal_background_extractor\sbe.cpp(807): warning C4244: 'initializing' : conversion from 'double' to 'int', possible loss of data
     1>c:\users\sc\documents\visual studio 2013\projects\spatiotemporal_background_extractor_texture\spatiotemporal_background_extractor\sbe.cpp(808): warning C4244: 'initializing' : conversion from 'double' to 'int', possible loss of data
     1>c:\users\sc\documents\visual studio 2013\projects\spatiotemporal_background_extractor_texture\spatiotemporal_background_extractor\sbe.cpp(868): warning C4800: 'float' : forcing value to bool 'true' or 'false' (performance warning)
     1>c:\users\sc\documents\visual studio 2013\projects\spatiotemporal_background_extractor_texture\spatiotemporal_background_extractor\sbe.cpp(869): warning C4800: 'float' : forcing value to bool 'true' or 'false' (performance warning)
     1>c:\users\sc\documents\visual studio 2013\projects\spatiotemporal_background_extractor_texture\spatiotemporal_background_extractor\sbe.cpp(882): warning C4309: '=' : truncation of constant value
     1>c:\users\sc\documents\visual studio 2013\projects\spatiotemporal_background_extractor_texture\spatiotemporal_background_extractor\sbe.cpp(888): warning C4305: 'argument' : truncation from 'double' to 'float'
     1>c:\users\sc\documents\visual studio 2013\projects\spatiotemporal_background_extractor_texture\spatiotemporal_background_extractor\sbe.cpp(906): warning C4018: '<' : signed/unsigned mismatch
     1>c:\users\sc\documents\visual studio 2013\projects\spatiotemporal_background_extractor_texture\spatiotemporal_background_extractor\sbe.cpp(1304): warning C4018: '<' : signed/unsigned mismatch
     1>c:\users\sc\documents\visual studio 2013\projects\spatiotemporal_background_extractor_texture\spatiotemporal_background_extractor\sbe.cpp(1467): warning C4018: '<' : signed/unsigned mismatch
       Link:
         C:\Program Files (x86)\Microsoft Visual Studio 12.0\VC\bin\link.exe /ERRORREPORT:PROMPT /OUT:"C:\Users\sc\Documents\Visual Studio 2013\Projects\Spatiotemporal_Background_Extractor_texture\Debug\Spatiotemporal_Background_Extractor.exe" /INCREMENTAL /NOLOGO /LIBPATH:C:\opencv\build\x86\vc12\lib opencv_core249d.lib opencv_imgproc249d.lib opencv_highgui249d.lib opencv_ml249d.lib opencv_video249d.lib opencv_features2d249d.lib opencv_calib3d249d.lib opencv_objdetect249d.lib opencv_contrib249d.lib opencv_legacy249d.lib opencv_flann249d.lib kernel32.lib user32.lib gdi32.lib winspool.lib comdlg32.lib advapi32.lib shell32.lib ole32.lib oleaut32.lib uuid.lib odbc32.lib odbccp32.lib /MANIFEST /MANIFESTUAC:"level='asInvoker' uiAccess='false'" /manifest:embed /DEBUG /PDB:"C:\Users\sc\Documents\Visual Studio 2013\Projects\Spatiotemporal_Background_Extractor_texture\Debug\Spatiotemporal_Background_Extractor.pdb" /SUBSYSTEM:CONSOLE /TLBID:1 /DYNAMICBASE /NXCOMPAT /IMPLIB:"C:\Users\sc\Documents\Visual Studio 2013\Projects\Spatiotemporal_Background_Extractor_texture\Debug\Spatiotemporal_Background_Extractor.lib" /MACHINE:X86 Debug\SBE.obj
         Spatiotemporal_Background_Extractor.vcxproj -> C:\Users\sc\Documents\Visual Studio 2013\Projects\Spatiotemporal_Background_Extractor_texture\Debug\Spatiotemporal_Background_Extractor.exe
     1>Done Building Project "C:\Users\sc\Documents\Visual Studio 2013\Projects\Spatiotemporal_Background_Extractor_texture\Spatiotemporal_Background_Extractor\Spatiotemporal_Background_Extractor.vcxproj" (Build target(s)).

Build succeeded.

Time Elapsed 00:00:01.74
